#
# There is insufficient memory for the Java Runtime Environment to continue.
# Native memory allocation (mmap) failed to map 268435456 bytes for G1 virtual space
# Possible reasons:
#   The system is out of physical RAM or swap space
#   The process is running with CompressedOops enabled, and the Java Heap may be blocking the growth of the native heap
# Possible solutions:
#   Reduce memory load on the system
#   Increase physical memory or swap space
#   Check if swap backing store is full
#   Decrease Java heap size (-Xmx/-Xms)
#   Decrease number of Java threads
#   Decrease Java thread stack sizes (-Xss)
#   Set larger code cache with -XX:ReservedCodeCacheSize=
#   JVM is running with Zero Based Compressed Oops mode in which the Java heap is
#     placed in the first 32GB address space. The Java Heap base address is the
#     maximum limit for the native heap growth. Please use -XX:HeapBaseMinAddress
#     to set the Java Heap base and to place the Java Heap above 32GB virtual address.
# This output file may be truncated or incomplete.
#
#  Out of Memory Error (os_windows.cpp:3466), pid=14588, tid=2632
#
# JRE version:  (16.0.1+9) (build )
# Java VM: Java HotSpot(TM) 64-Bit Server VM (16.0.1+9-24, mixed mode, sharing, tiered, compressed oops, compressed class ptrs, g1 gc, windows-amd64)
# No core dump will be written. Minidumps are not enabled by default on client versions of Windows
#

---------------  S U M M A R Y ------------

Command Line: -javaagent:C:\Program Files\JetBrains\IntelliJ IDEA Community Edition 2021.1\lib\idea_rt.jar=3787:C:\Program Files\JetBrains\IntelliJ IDEA Community Edition 2021.1\bin -Dfile.encoding=UTF-8 com.company.Main

Host: Intel(R) Core(TM) i5-9600K CPU @ 3.70GHz, 6 cores, 15G,  Windows 10 , 64 bit Build 19041 (10.0.19041.1023)
Time: Mon Jun 28 16:13:22 2021 GTB Daylight Time elapsed time: 0.013897 seconds (0d 0h 0m 0s)

---------------  T H R E A D  ---------------

Current thread (0x000001af515a7980):  JavaThread "Unknown thread" [_thread_in_vm, id=2632, stack(0x000000066a800000,0x000000066a900000)]

Stack: [0x000000066a800000,0x000000066a900000]
Native frames: (J=compiled Java code, j=interpreted, Vv=VM code, C=native code)
V  [jvm.dll+0x6687ca]
V  [jvm.dll+0x7ca3c9]
V  [jvm.dll+0x7cbb53]
V  [jvm.dll+0x7cc1b3]
V  [jvm.dll+0x242ea5]
V  [jvm.dll+0x665589]
V  [jvm.dll+0x65a175]
V  [jvm.dll+0x2fc5ab]
V  [jvm.dll+0x3037a6]
V  [jvm.dll+0x352fee]
V  [jvm.dll+0x35321f]
V  [jvm.dll+0x2d3618]
V  [jvm.dll+0x2d4854]
V  [jvm.dll+0x79ccb1]
V  [jvm.dll+0x360de1]
V  [jvm.dll+0x77a990]
V  [jvm.dll+0x3e55af]
V  [jvm.dll+0x3e7081]
C  [jli.dll+0x52fb]
C  [ucrtbase.dll+0x21bb2]
C  [KERNEL32.DLL+0x17034]
C  [ntdll.dll+0x52651]


---------------  P R O C E S S  ---------------

Threads class SMR info:
_java_thread_list=0x00007ff91e7ecbb8, length=0, elements={
}

Java Threads: ( => current thread )

Other Threads:
  0x000001af515f89b0 GCTaskThread "GC Thread#0" [stack: 0x000000066a900000,0x000000066aa00000] [id=18428]
  0x000001af516099f0 ConcurrentGCThread "G1 Main Marker" [stack: 0x000000066aa00000,0x000000066ab00000] [id=12540]
  0x000001af5160a4e0 ConcurrentGCThread "G1 Conc#0" [stack: 0x000000066ab00000,0x000000066ac00000] [id=10096]

[error occurred during error reporting (printing all threads), id 0xc0000005, EXCEPTION_ACCESS_VIOLATION (0xc0000005) at pc=0x00007ff91dfc44d7]

VM state: not at safepoint (not fully initialized)

VM Mutex/Monitor currently owned by a thread:  ([mutex/lock_event])
[0x000001af515a4b90] Heap_lock - owner thread: 0x000001af515a7980

Heap address: 0x0000000701000000, size: 4080 MB, Compressed Oops mode: Zero based, Oop shift amount: 3

CDS archive(s) mapped at: [0x0000000000000000-0x0000000000000000-0x0000000000000000), size 0, SharedBaseAddress: 0x0000000800000000, ArchiveRelocationMode: 0.
Narrow klass base: 0x0000000000000000, Narrow klass shift: 0, Narrow klass range: 0x0

GC Precious Log:
<Empty>

Heap:
 garbage-first heap   total 0K, used 0K [0x0000000701000000, 0x0000000800000000)
  region size 2048K, 0 young (0K), 0 survivors (0K)

[error occurred during error reporting (printing heap information), id 0xc0000005, EXCEPTION_ACCESS_VIOLATION (0xc0000005) at pc=0x00007ff91e3a24ed]

GC Heap History (0 events):
No events

Deoptimization events (0 events):
No events

Classes unloaded (0 events):
No events

Classes redefined (0 events):
No events

Internal exceptions (0 events):
No events

Events (1 events):
Event: 0.010 Loaded shared library C:\Program Files\Java\jdk-16.0.1\bin\java.dll


Dynamic libraries:
0x00007ff6293a0000 - 0x00007ff6293b0000 	C:\Program Files\Java\jdk-16.0.1\bin\java.exe
0x00007ff972450000 - 0x00007ff972645000 	C:\WINDOWS\SYSTEM32\ntdll.dll
0x00007ff971710000 - 0x00007ff9717cd000 	C:\WINDOWS\System32\KERNEL32.DLL
0x00007ff96fcf0000 - 0x00007ff96ffb8000 	C:\WINDOWS\System32\KERNELBASE.dll
0x00007ff96fb90000 - 0x00007ff96fc90000 	C:\WINDOWS\System32\ucrtbase.dll
0x00007ff94e8c0000 - 0x00007ff94e8d9000 	C:\Program Files\Java\jdk-16.0.1\bin\VCRUNTIME140.dll
0x00007ff959760000 - 0x00007ff959778000 	C:\Program Files\Java\jdk-16.0.1\bin\jli.dll
0x00007ff971a90000 - 0x00007ff971b3c000 	C:\WINDOWS\System32\ADVAPI32.dll
0x00007ff9704c0000 - 0x00007ff97055e000 	C:\WINDOWS\System32\msvcrt.dll
0x00007ff971200000 - 0x00007ff97129b000 	C:\WINDOWS\System32\sechost.dll
0x00007ff9708c0000 - 0x00007ff9709eb000 	C:\WINDOWS\System32\RPCRT4.dll
0x00007ff970b10000 - 0x00007ff970cb0000 	C:\WINDOWS\System32\USER32.dll
0x00007ff96fc90000 - 0x00007ff96fcb2000 	C:\WINDOWS\System32\win32u.dll
0x00007ff971b40000 - 0x00007ff971b6a000 	C:\WINDOWS\System32\GDI32.dll
0x00007ff970300000 - 0x00007ff97040b000 	C:\WINDOWS\System32\gdi32full.dll
0x00007ff970010000 - 0x00007ff9700ad000 	C:\WINDOWS\System32\msvcp_win.dll
0x00007ff96ef50000 - 0x00007ff96f1ea000 	C:\WINDOWS\WinSxS\amd64_microsoft.windows.common-controls_6595b64144ccf1df_6.0.19041.1052_none_60b8f8fd71f5e8cb\COMCTL32.dll
0x00007ff968320000 - 0x00007ff96832a000 	C:\WINDOWS\SYSTEM32\VERSION.dll
0x00007ff9723e0000 - 0x00007ff972410000 	C:\WINDOWS\System32\IMM32.DLL
0x00007ff95d780000 - 0x00007ff95d78c000 	C:\Program Files\Java\jdk-16.0.1\bin\vcruntime140_1.dll
0x00007ff937a70000 - 0x00007ff937b01000 	C:\Program Files\Java\jdk-16.0.1\bin\msvcp140.dll
0x00007ff91dce0000 - 0x00007ff91e88b000 	C:\Program Files\Java\jdk-16.0.1\bin\server\jvm.dll
0x00007ff970aa0000 - 0x00007ff970aa8000 	C:\WINDOWS\System32\PSAPI.DLL
0x00007ff95d1c0000 - 0x00007ff95d1e7000 	C:\WINDOWS\SYSTEM32\WINMM.dll
0x00007ff95da70000 - 0x00007ff95da79000 	C:\WINDOWS\SYSTEM32\WSOCK32.dll
0x00007ff9717d0000 - 0x00007ff97183b000 	C:\WINDOWS\System32\WS2_32.dll
0x00007ff96ce30000 - 0x00007ff96ce42000 	C:\WINDOWS\SYSTEM32\kernel.appcore.dll
0x00007ff95d750000 - 0x00007ff95d75a000 	C:\Program Files\Java\jdk-16.0.1\bin\jimage.dll
0x00007ff96f4c0000 - 0x00007ff96f6a4000 	C:\WINDOWS\SYSTEM32\DBGHELP.DLL
0x00007ff96f2f0000 - 0x00007ff96f31c000 	C:\WINDOWS\SYSTEM32\dbgcore.DLL
0x00007ff970270000 - 0x00007ff9702f3000 	C:\WINDOWS\System32\bcryptPrimitives.dll
0x00007ff95c470000 - 0x00007ff95c47e000 	C:\Program Files\Java\jdk-16.0.1\bin\instrument.dll
0x00007ff949360000 - 0x00007ff949385000 	C:\Program Files\Java\jdk-16.0.1\bin\java.dll

dbghelp: loaded successfully - version: 4.0.5 - missing functions: none
symbol engine: initialized successfully - sym options: 0x614 - pdb path: .;C:\Program Files\Java\jdk-16.0.1\bin;C:\WINDOWS\SYSTEM32;C:\WINDOWS\WinSxS\amd64_microsoft.windows.common-controls_6595b64144ccf1df_6.0.19041.1052_none_60b8f8fd71f5e8cb;C:\Program Files\Java\jdk-16.0.1\bin\server

VM Arguments:
jvm_args: -javaagent:C:\Program Files\JetBrains\IntelliJ IDEA Community Edition 2021.1\lib\idea_rt.jar=3787:C:\Program Files\JetBrains\IntelliJ IDEA Community Edition 2021.1\bin -Dfile.encoding=UTF-8 
java_command: com.company.Main
java_class_path (initial): C:\Users\bylan\IdeaProjects\QuizGame\out\production\QuizGame
Launcher Type: SUN_STANDARD

[Global flags]
     intx CICompilerCount                          = 3                                         {product} {ergonomic}
     uint ConcGCThreads                            = 2                                         {product} {ergonomic}
     uint G1ConcRefinementThreads                  = 6                                         {product} {ergonomic}
   size_t G1HeapRegionSize                         = 2097152                                   {product} {ergonomic}
    uintx GCDrainStackTargetSize                   = 64                                        {product} {ergonomic}
   size_t InitialHeapSize                          = 268435456                                 {product} {ergonomic}
   size_t MarkStackSize                            = 4194304                                   {product} {ergonomic}
   size_t MaxHeapSize                              = 4278190080                                {product} {ergonomic}
   size_t MinHeapDeltaBytes                        = 2097152                                   {product} {ergonomic}
   size_t MinHeapSize                              = 8388608                                   {product} {ergonomic}
    uintx NonNMethodCodeHeapSize                   = 5832780                                {pd product} {ergonomic}
    uintx NonProfiledCodeHeapSize                  = 122912730                              {pd product} {ergonomic}
    uintx ProfiledCodeHeapSize                     = 122912730                              {pd product} {ergonomic}
    uintx ReservedCodeCacheSize                    = 251658240                              {pd product} {ergonomic}
     bool SegmentedCodeCache                       = true                                      {product} {ergonomic}
   size_t SoftMaxHeapSize                          = 4278190080                             {manageable} {ergonomic}
     bool UseCompressedClassPointers               = true                           {product lp64_product} {ergonomic}
     bool UseCompressedOops                        = true                           {product lp64_product} {ergonomic}
     bool UseG1GC                                  = true                                      {product} {ergonomic}
     bool UseLargePagesIndividualAllocation        = false                                  {pd product} {ergonomic}

Logging:
Log output configuration:
 #0: stdout all=warning uptime,level,tags
 #1: stderr all=off uptime,level,tags

Environment Variables:
PATH=C:\Program Files\Common Files\Oracle\Java\javapath;C:\Program Files\Oculus\Support\oculus-runtime;C:\WINDOWS\system32;C:\WINDOWS;C:\WINDOWS\System32\Wbem;C:\WINDOWS\System32\WindowsPowerShell\v1.0\;C:\WINDOWS\System32\OpenSSH\;C:\Program Files (x86)\NVIDIA Corporation\PhysX\Common;C:\Program Files\NVIDIA Corporation\NVIDIA NvDLISR;C:\WINDOWS\system32;C:\WINDOWS;C:\WINDOWS\System32\Wbem;C:\WINDOWS\System32\WindowsPowerShell\v1.0\;C:\WINDOWS\System32\OpenSSH\;C:\Users\bylan\AppData\Local\Microsoft\WindowsApps;
USERNAME=bylan
OS=Windows_NT
PROCESSOR_IDENTIFIER=Intel64 Family 6 Model 158 Stepping 12, GenuineIntel



---------------  S Y S T E M  ---------------

OS:
 Windows 10 , 64 bit Build 19041 (10.0.19041.1023)
OS uptime: 7 days 15:13 hours

CPU: total 6 (initial active 6) (6 cores per cpu, 1 threads per core) family 6 model 158 stepping 12 microcode 0xde, cx8, cmov, fxsr, mmx, 3dnowpref, sse, sse2, sse3, ssse3, sse4.1, sse4.2, popcnt, lzcnt, tsc, tscinvbit, avx, avx2, aes, erms, clmul, bmi1, bmi2, rtm, adx, fma, vzeroupper, clflush, clflushopt

Memory: 4k page, system-wide physical 16319M (6078M free)
TotalPageFile size 40319M (AvailPageFile size 73M)
current process WorkingSet (physical memory assigned to process): 10M, peak: 10M
current process commit charge ("private bytes"): 56M, peak: 312M

vm_info: Java HotSpot(TM) 64-Bit Server VM (16.0.1+9-24) for windows-amd64 JRE (16.0.1+9-24), built on Mar 26 2021 19:31:42 by "mach5one" with MS VC++ 16.7 (VS2019)

END.
